app/build/intermediates/manifest_merge_blame_file/debug/manifest-merger-blame-debug-report.txt
1<?xml version="1.0" encoding="utf-8"?>
2<manifest xmlns:android="http://schemas.android.com/apk/res/android"
3    package="com.example.my2cents"
4    android:versionCode="1"
5    android:versionName="1.0" >
6
7    <uses-sdk
8        android:minSdkVersion="16"
8-->src/main/AndroidManifest.xml
9        android:targetSdkVersion="30" />
9-->src/main/AndroidManifest.xml
10
11    <uses-permission android:name="android.permission.INTERNET" />
11-->[com.firebaseui:firebase-ui-database:6.3.0] AndroidManifest.xml:11:5-67
11-->[com.firebaseui:firebase-ui-database:6.3.0] AndroidManifest.xml:11:22-64
12    <uses-permission android:name="android.permission.ACCESS_NETWORK_STATE" />
12-->[com.google.firebase:firebase-auth:20.0.0] AndroidManifest.xml:24:5-79
12-->[com.google.firebase:firebase-auth:20.0.0] AndroidManifest.xml:24:22-76
13    <uses-permission android:name="android.permission.WAKE_LOCK" />
13-->[com.google.android.gms:play-services-measurement-api:18.0.0] AndroidManifest.xml:24:5-68
13-->[com.google.android.gms:play-services-measurement-api:18.0.0] AndroidManifest.xml:24:22-65
14    <uses-permission android:name="com.google.android.finsky.permission.BIND_GET_INSTALL_REFERRER_SERVICE" />
14-->[com.google.android.gms:play-services-measurement:18.0.0] AndroidManifest.xml:26:5-110
14-->[com.google.android.gms:play-services-measurement:18.0.0] AndroidManifest.xml:26:22-107
15
16    <application
16-->src/main/AndroidManifest.xml:5:5-38:19
17        android:name="androidx.multidex.MultiDexApplication"
18        android:allowBackup="true"
18-->src/main/AndroidManifest.xml:6:9-35
19        android:appComponentFactory="androidx.core.app.CoreComponentFactory"
19-->[androidx.core:core:1.3.1] AndroidManifest.xml:24:18-86
20        android:debuggable="true"
21        android:icon="@mipmap/ic_launcher"
21-->src/main/AndroidManifest.xml:7:9-43
22        android:label="@string/app_name"
22-->src/main/AndroidManifest.xml:8:9-41
23        android:roundIcon="@mipmap/ic_launcher_round"
23-->src/main/AndroidManifest.xml:9:9-54
24        android:supportsRtl="true"
24-->src/main/AndroidManifest.xml:10:9-35
25        android:testOnly="true"
26        android:theme="@style/AppTheme" >
26-->src/main/AndroidManifest.xml:11:9-40
27        <activity
27-->src/main/AndroidManifest.xml:12:9-15:68
28            android:name="com.example.my2cents.onboarding"
28-->src/main/AndroidManifest.xml:13:13-39
29            android:label="@string/title_activity_onboarding"
29-->src/main/AndroidManifest.xml:14:13-62
30            android:theme="@style/AppTheme.NoActionBar" />
30-->src/main/AndroidManifest.xml:15:13-56
31        <activity android:name="com.example.my2cents.SplashScreen" >
31-->src/main/AndroidManifest.xml:16:9-28:20
31-->src/main/AndroidManifest.xml:16:19-47
32
33            <!--
34            under SplashScreen is the code to make the splash appear
35            for a short amount of time. Actual time is in the .java file.
36            -->
37
38            <intent-filter>
38-->src/main/AndroidManifest.xml:23:13-27:29
39                <action android:name="android.intent.action.MAIN" />
39-->src/main/AndroidManifest.xml:24:17-69
39-->src/main/AndroidManifest.xml:24:25-66
40
41                <category android:name="android.intent.category.LAUNCHER" />
41-->src/main/AndroidManifest.xml:26:17-77
41-->src/main/AndroidManifest.xml:26:27-74
42            </intent-filter>
43        </activity> <!-- end splash -->
44        <activity android:name="com.example.my2cents.RegisterActivity" />
44-->src/main/AndroidManifest.xml:29:9-54
44-->src/main/AndroidManifest.xml:29:19-51
45        <activity android:name="com.example.my2cents.SecondActivity" />
45-->src/main/AndroidManifest.xml:30:9-52
45-->src/main/AndroidManifest.xml:30:19-49
46        <activity android:name="com.example.my2cents.MainActivity" >
46-->src/main/AndroidManifest.xml:31:9-37:20
46-->src/main/AndroidManifest.xml:31:19-47
47            <intent-filter>
47-->src/main/AndroidManifest.xml:23:13-27:29
48                <action android:name="android.intent.action.MAIN" />
48-->src/main/AndroidManifest.xml:24:17-69
48-->src/main/AndroidManifest.xml:24:25-66
49
50                <category android:name="android.intent.category.LAUNCHER" />
50-->src/main/AndroidManifest.xml:26:17-77
50-->src/main/AndroidManifest.xml:26:27-74
51            </intent-filter>
52        </activity>
53        <activity
53-->[com.google.firebase:firebase-auth:20.0.0] AndroidManifest.xml:27:9-34:50
54            android:name="com.google.firebase.auth.internal.FederatedSignInActivity"
54-->[com.google.firebase:firebase-auth:20.0.0] AndroidManifest.xml:28:13-85
55            android:excludeFromRecents="true"
55-->[com.google.firebase:firebase-auth:20.0.0] AndroidManifest.xml:29:13-46
56            android:exported="true"
56-->[com.google.firebase:firebase-auth:20.0.0] AndroidManifest.xml:30:13-36
57            android:launchMode="singleTask"
57-->[com.google.firebase:firebase-auth:20.0.0] AndroidManifest.xml:31:13-44
58            android:permission="com.google.firebase.auth.api.gms.permission.LAUNCH_FEDERATED_SIGN_IN"
58-->[com.google.firebase:firebase-auth:20.0.0] AndroidManifest.xml:32:13-102
59            android:theme="@android:style/Theme.Translucent.NoTitleBar" />
59-->[com.google.firebase:firebase-auth:20.0.0] AndroidManifest.xml:33:13-72
60        <activity
60-->[com.google.firebase:firebase-auth:20.0.0] AndroidManifest.xml:35:9-52:20
61            android:name="com.google.firebase.auth.internal.GenericIdpActivity"
61-->[com.google.firebase:firebase-auth:20.0.0] AndroidManifest.xml:36:13-80
62            android:excludeFromRecents="true"
62-->[com.google.firebase:firebase-auth:20.0.0] AndroidManifest.xml:37:13-46
63            android:exported="true"
63-->[com.google.firebase:firebase-auth:20.0.0] AndroidManifest.xml:38:13-36
64            android:launchMode="singleTask"
64-->[com.google.firebase:firebase-auth:20.0.0] AndroidManifest.xml:39:13-44
65            android:theme="@android:style/Theme.Translucent.NoTitleBar" >
65-->[com.google.firebase:firebase-auth:20.0.0] AndroidManifest.xml:40:13-72
66            <intent-filter>
66-->[com.google.firebase:firebase-auth:20.0.0] AndroidManifest.xml:41:13-51:29
67                <action android:name="android.intent.action.VIEW" />
67-->[com.google.firebase:firebase-auth:20.0.0] AndroidManifest.xml:42:17-69
67-->[com.google.firebase:firebase-auth:20.0.0] AndroidManifest.xml:42:25-66
68
69                <category android:name="android.intent.category.DEFAULT" />
69-->[com.google.firebase:firebase-auth:20.0.0] AndroidManifest.xml:44:17-76
69-->[com.google.firebase:firebase-auth:20.0.0] AndroidManifest.xml:44:27-73
70                <category android:name="android.intent.category.BROWSABLE" />
70-->[com.google.firebase:firebase-auth:20.0.0] AndroidManifest.xml:45:17-78
70-->[com.google.firebase:firebase-auth:20.0.0] AndroidManifest.xml:45:27-75
71
72                <data
72-->[com.google.firebase:firebase-auth:20.0.0] AndroidManifest.xml:47:17-50:51
73                    android:host="firebase.auth"
73-->[com.google.firebase:firebase-auth:20.0.0] AndroidManifest.xml:48:21-49
74                    android:path="/"
74-->[com.google.firebase:firebase-auth:20.0.0] AndroidManifest.xml:49:21-37
75                    android:scheme="genericidp" />
75-->[com.google.firebase:firebase-auth:20.0.0] AndroidManifest.xml:50:21-48
76            </intent-filter>
77        </activity>
78        <activity
78-->[com.google.firebase:firebase-auth:20.0.0] AndroidManifest.xml:53:9-70:20
79            android:name="com.google.firebase.auth.internal.RecaptchaActivity"
79-->[com.google.firebase:firebase-auth:20.0.0] AndroidManifest.xml:54:13-79
80            android:excludeFromRecents="true"
80-->[com.google.firebase:firebase-auth:20.0.0] AndroidManifest.xml:55:13-46
81            android:exported="true"
81-->[com.google.firebase:firebase-auth:20.0.0] AndroidManifest.xml:56:13-36
82            android:launchMode="singleTask"
82-->[com.google.firebase:firebase-auth:20.0.0] AndroidManifest.xml:57:13-44
83            android:theme="@android:style/Theme.Translucent.NoTitleBar" >
83-->[com.google.firebase:firebase-auth:20.0.0] AndroidManifest.xml:58:13-72
84            <intent-filter>
84-->[com.google.firebase:firebase-auth:20.0.0] AndroidManifest.xml:59:13-69:29
85                <action android:name="android.intent.action.VIEW" />
85-->[com.google.firebase:firebase-auth:20.0.0] AndroidManifest.xml:42:17-69
85-->[com.google.firebase:firebase-auth:20.0.0] AndroidManifest.xml:42:25-66
86
87                <category android:name="android.intent.category.DEFAULT" />
87-->[com.google.firebase:firebase-auth:20.0.0] AndroidManifest.xml:44:17-76
87-->[com.google.firebase:firebase-auth:20.0.0] AndroidManifest.xml:44:27-73
88                <category android:name="android.intent.category.BROWSABLE" />
88-->[com.google.firebase:firebase-auth:20.0.0] AndroidManifest.xml:45:17-78
88-->[com.google.firebase:firebase-auth:20.0.0] AndroidManifest.xml:45:27-75
89
90                <data
90-->[com.google.firebase:firebase-auth:20.0.0] AndroidManifest.xml:47:17-50:51
91                    android:host="firebase.auth"
91-->[com.google.firebase:firebase-auth:20.0.0] AndroidManifest.xml:48:21-49
92                    android:path="/"
92-->[com.google.firebase:firebase-auth:20.0.0] AndroidManifest.xml:49:21-37
93                    android:scheme="recaptcha" />
93-->[com.google.firebase:firebase-auth:20.0.0] AndroidManifest.xml:50:21-48
94            </intent-filter>
95        </activity>
96
97        <service
97-->[com.google.firebase:firebase-auth:20.0.0] AndroidManifest.xml:72:9-81:19
98            android:name="com.google.firebase.auth.api.fallback.service.FirebaseAuthFallbackService"
98-->[com.google.firebase:firebase-auth:20.0.0] AndroidManifest.xml:73:13-101
99            android:enabled="true"
99-->[com.google.firebase:firebase-auth:20.0.0] AndroidManifest.xml:74:13-35
100            android:exported="false" >
100-->[com.google.firebase:firebase-auth:20.0.0] AndroidManifest.xml:75:13-37
101            <intent-filter>
101-->[com.google.firebase:firebase-auth:20.0.0] AndroidManifest.xml:76:13-80:29
102                <action android:name="com.google.firebase.auth.api.gms.service.START" />
102-->[com.google.firebase:firebase-auth:20.0.0] AndroidManifest.xml:77:17-89
102-->[com.google.firebase:firebase-auth:20.0.0] AndroidManifest.xml:77:25-86
103
104                <category android:name="android.intent.category.DEFAULT" />
104-->[com.google.firebase:firebase-auth:20.0.0] AndroidManifest.xml:44:17-76
104-->[com.google.firebase:firebase-auth:20.0.0] AndroidManifest.xml:44:27-73
105            </intent-filter>
106        </service>
107        <service
107-->[com.google.firebase:firebase-auth:20.0.0] AndroidManifest.xml:82:9-88:19
108            android:name="com.google.firebase.components.ComponentDiscoveryService"
108-->[com.google.firebase:firebase-auth:20.0.0] AndroidManifest.xml:83:13-84
109            android:directBootAware="true"
109-->[com.google.firebase:firebase-common:19.3.1] AndroidManifest.xml:35:13-43
110            android:exported="false" >
110-->[com.google.firebase:firebase-auth:20.0.0] AndroidManifest.xml:84:13-37
111            <meta-data
111-->[com.google.firebase:firebase-auth:20.0.0] AndroidManifest.xml:85:13-87:85
112                android:name="com.google.firebase.components:com.google.firebase.auth.FirebaseAuthRegistrar"
112-->[com.google.firebase:firebase-auth:20.0.0] AndroidManifest.xml:86:17-109
113                android:value="com.google.firebase.components.ComponentRegistrar" />
113-->[com.google.firebase:firebase-auth:20.0.0] AndroidManifest.xml:87:17-82
114            <meta-data
114-->[com.google.firebase:firebase-database:19.5.1] AndroidManifest.xml:32:13-34:85
115                android:name="com.google.firebase.components:com.google.firebase.database.DatabaseRegistrar"
115-->[com.google.firebase:firebase-database:19.5.1] AndroidManifest.xml:33:17-109
116                android:value="com.google.firebase.components.ComponentRegistrar" />
116-->[com.google.firebase:firebase-database:19.5.1] AndroidManifest.xml:34:17-82
117            <meta-data
117-->[com.google.android.gms:play-services-measurement-api:18.0.0] AndroidManifest.xml:30:13-32:85
118                android:name="com.google.firebase.components:com.google.firebase.analytics.connector.internal.AnalyticsConnectorRegistrar"
118-->[com.google.android.gms:play-services-measurement-api:18.0.0] AndroidManifest.xml:31:17-139
119                android:value="com.google.firebase.components.ComponentRegistrar" />
119-->[com.google.android.gms:play-services-measurement-api:18.0.0] AndroidManifest.xml:32:17-82
120            <meta-data
120-->[com.google.firebase:firebase-installations:16.3.2] AndroidManifest.xml:17:13-19:85
121                android:name="com.google.firebase.components:com.google.firebase.installations.FirebaseInstallationsRegistrar"
121-->[com.google.firebase:firebase-installations:16.3.2] AndroidManifest.xml:18:17-127
122                android:value="com.google.firebase.components.ComponentRegistrar" />
122-->[com.google.firebase:firebase-installations:16.3.2] AndroidManifest.xml:19:17-82
123        </service>
124
125        <activity
125-->[com.google.android.gms:play-services-base:17.1.0] AndroidManifest.xml:23:9-26:75
126            android:name="com.google.android.gms.common.api.GoogleApiActivity"
126-->[com.google.android.gms:play-services-base:17.1.0] AndroidManifest.xml:24:13-79
127            android:exported="false"
127-->[com.google.android.gms:play-services-base:17.1.0] AndroidManifest.xml:25:13-37
128            android:theme="@android:style/Theme.Translucent.NoTitleBar" />
128-->[com.google.android.gms:play-services-base:17.1.0] AndroidManifest.xml:26:13-72
129
130        <provider
130-->[com.google.firebase:firebase-common:19.3.1] AndroidManifest.xml:26:9-31:39
131            android:name="com.google.firebase.provider.FirebaseInitProvider"
131-->[com.google.firebase:firebase-common:19.3.1] AndroidManifest.xml:27:13-77
132            android:authorities="com.example.my2cents.firebaseinitprovider"
132-->[com.google.firebase:firebase-common:19.3.1] AndroidManifest.xml:28:13-72
133            android:directBootAware="true"
133-->[com.google.firebase:firebase-common:19.3.1] AndroidManifest.xml:29:13-43
134            android:exported="false"
134-->[com.google.firebase:firebase-common:19.3.1] AndroidManifest.xml:30:13-37
135            android:initOrder="100" />
135-->[com.google.firebase:firebase-common:19.3.1] AndroidManifest.xml:31:13-36
136
137        <receiver
137-->[com.google.android.gms:play-services-measurement:18.0.0] AndroidManifest.xml:29:9-33:20
138            android:name="com.google.android.gms.measurement.AppMeasurementReceiver"
138-->[com.google.android.gms:play-services-measurement:18.0.0] AndroidManifest.xml:30:13-85
139            android:enabled="true"
139-->[com.google.android.gms:play-services-measurement:18.0.0] AndroidManifest.xml:31:13-35
140            android:exported="false" >
140-->[com.google.android.gms:play-services-measurement:18.0.0] AndroidManifest.xml:32:13-37
141        </receiver>
142
143        <service
143-->[com.google.android.gms:play-services-measurement:18.0.0] AndroidManifest.xml:35:9-38:40
144            android:name="com.google.android.gms.measurement.AppMeasurementService"
144-->[com.google.android.gms:play-services-measurement:18.0.0] AndroidManifest.xml:36:13-84
145            android:enabled="true"
145-->[com.google.android.gms:play-services-measurement:18.0.0] AndroidManifest.xml:37:13-35
146            android:exported="false" />
146-->[com.google.android.gms:play-services-measurement:18.0.0] AndroidManifest.xml:38:13-37
147        <service
147-->[com.google.android.gms:play-services-measurement:18.0.0] AndroidManifest.xml:39:9-43:72
148            android:name="com.google.android.gms.measurement.AppMeasurementJobService"
148-->[com.google.android.gms:play-services-measurement:18.0.0] AndroidManifest.xml:40:13-87
149            android:enabled="true"
149-->[com.google.android.gms:play-services-measurement:18.0.0] AndroidManifest.xml:41:13-35
150            android:exported="false"
150-->[com.google.android.gms:play-services-measurement:18.0.0] AndroidManifest.xml:42:13-37
151            android:permission="android.permission.BIND_JOB_SERVICE" />
151-->[com.google.android.gms:play-services-measurement:18.0.0] AndroidManifest.xml:43:13-69
152
153        <meta-data
153-->[com.google.android.gms:play-services-basement:17.1.0] AndroidManifest.xml:23:9-25:69
154            android:name="com.google.android.gms.version"
154-->[com.google.android.gms:play-services-basement:17.1.0] AndroidManifest.xml:24:13-58
155            android:value="@integer/google_play_services_version" />
155-->[com.google.android.gms:play-services-basement:17.1.0] AndroidManifest.xml:25:13-66
156    </application>
157
158</manifest>